[2024-09-15T16:01:44.506+0000] {local_task_job_runner.py:120} INFO - ::group::Pre task execution logs
[2024-09-15T16:01:44.517+0000] {taskinstance.py:2076} INFO - Dependencies all met for dep_context=non-requeueable deps ti=<TaskInstance: example_python_operator_hook.call_api_task manual__2024-09-15T15:58:40.883614+00:00 [queued]>
[2024-09-15T16:01:44.522+0000] {taskinstance.py:2076} INFO - Dependencies all met for dep_context=requeueable deps ti=<TaskInstance: example_python_operator_hook.call_api_task manual__2024-09-15T15:58:40.883614+00:00 [queued]>
[2024-09-15T16:01:44.522+0000] {taskinstance.py:2306} INFO - Starting attempt 2 of 2
[2024-09-15T16:01:44.532+0000] {taskinstance.py:2330} INFO - Executing <Task(PythonOperator): call_api_task> on 2024-09-15 15:58:40.883614+00:00
[2024-09-15T16:01:44.538+0000] {standard_task_runner.py:90} INFO - Running: ['***', 'tasks', 'run', 'example_python_operator_hook', 'call_api_task', 'manual__2024-09-15T15:58:40.883614+00:00', '--job-id', '142', '--raw', '--subdir', 'DAGS_FOLDER/example_python_operator_hook.py', '--cfg-path', '/tmp/tmpddb6uh_8']
[2024-09-15T16:01:44.540+0000] {standard_task_runner.py:91} INFO - Job 142: Subtask call_api_task
[2024-09-15T16:01:44.540+0000] {logging_mixin.py:188} WARNING - /home/***/.local/lib/python3.12/site-packages/***/task/task_runner/standard_task_runner.py:61 DeprecationWarning: This process (pid=211) is multi-threaded, use of fork() may lead to deadlocks in the child.
[2024-09-15T16:01:44.541+0000] {standard_task_runner.py:63} INFO - Started process 213 to run task
[2024-09-15T16:01:44.569+0000] {task_command.py:426} INFO - Running <TaskInstance: example_python_operator_hook.call_api_task manual__2024-09-15T15:58:40.883614+00:00 [running]> on host b3616b5b5e4e
[2024-09-15T16:01:44.628+0000] {taskinstance.py:2648} INFO - Exporting env vars: AIRFLOW_CTX_DAG_OWNER='***' AIRFLOW_CTX_DAG_ID='example_python_operator_hook' AIRFLOW_CTX_TASK_ID='call_api_task' AIRFLOW_CTX_EXECUTION_DATE='2024-09-15T15:58:40.883614+00:00' AIRFLOW_CTX_TRY_NUMBER='2' AIRFLOW_CTX_DAG_RUN_ID='manual__2024-09-15T15:58:40.883614+00:00'
[2024-09-15T16:01:44.628+0000] {taskinstance.py:430} INFO - ::endgroup::
[2024-09-15T16:01:44.644+0000] {base.py:84} INFO - Using connection ID 'ingestion_api' for task execution.
[2024-09-15T16:01:44.888+0000] {logging_mixin.py:188} INFO - DataFrame saved to PostgreSQL successfully.
[2024-09-15T16:01:44.892+0000] {connection.py:274} WARNING - Connection schemes (type: google_cloud_platform) shall not contain '_' according to RFC3986.
[2024-09-15T16:01:44.896+0000] {base.py:84} INFO - Using connection ID 'google_cloud_default' for task execution.
[2024-09-15T16:01:45.555+0000] {taskinstance.py:441} INFO - ::group::Post task execution logs
[2024-09-15T16:01:45.556+0000] {taskinstance.py:2905} ERROR - Task failed with exception
Traceback (most recent call last):
  File "/home/airflow/.local/lib/python3.12/site-packages/google/cloud/bigquery/client.py", line 2584, in load_table_from_file
    response = self._do_multipart_upload(
               ^^^^^^^^^^^^^^^^^^^^^^^^^^
  File "/home/airflow/.local/lib/python3.12/site-packages/google/cloud/bigquery/client.py", line 3148, in _do_multipart_upload
    response = upload.transmit(
               ^^^^^^^^^^^^^^^^
  File "/home/airflow/.local/lib/python3.12/site-packages/google/resumable_media/requests/upload.py", line 153, in transmit
    return _request_helpers.wait_and_retry(
           ^^^^^^^^^^^^^^^^^^^^^^^^^^^^^^^^
  File "/home/airflow/.local/lib/python3.12/site-packages/google/resumable_media/requests/_request_helpers.py", line 155, in wait_and_retry
    response = func()
               ^^^^^^
  File "/home/airflow/.local/lib/python3.12/site-packages/google/resumable_media/requests/upload.py", line 149, in retriable_request
    self._process_response(result)
  File "/home/airflow/.local/lib/python3.12/site-packages/google/resumable_media/_upload.py", line 125, in _process_response
    _helpers.require_status_code(response, (http.client.OK,), self._get_status_code)
  File "/home/airflow/.local/lib/python3.12/site-packages/google/resumable_media/_helpers.py", line 108, in require_status_code
    raise common.InvalidResponse(
google.resumable_media.common.InvalidResponse: ('Request failed with status code', 403, 'Expected one of', 200)

During handling of the above exception, another exception occurred:

Traceback (most recent call last):
  File "/home/airflow/.local/lib/python3.12/site-packages/airflow/models/taskinstance.py", line 465, in _execute_task
    result = _execute_callable(context=context, **execute_callable_kwargs)
             ^^^^^^^^^^^^^^^^^^^^^^^^^^^^^^^^^^^^^^^^^^^^^^^^^^^^^^^^^^^^^
  File "/home/airflow/.local/lib/python3.12/site-packages/airflow/models/taskinstance.py", line 432, in _execute_callable
    return execute_callable(context=context, **execute_callable_kwargs)
           ^^^^^^^^^^^^^^^^^^^^^^^^^^^^^^^^^^^^^^^^^^^^^^^^^^^^^^^^^^^^
  File "/home/airflow/.local/lib/python3.12/site-packages/airflow/models/baseoperator.py", line 400, in wrapper
    return func(self, *args, **kwargs)
           ^^^^^^^^^^^^^^^^^^^^^^^^^^^
  File "/home/airflow/.local/lib/python3.12/site-packages/airflow/operators/python.py", line 235, in execute
    return_value = self.execute_callable()
                   ^^^^^^^^^^^^^^^^^^^^^^^
  File "/home/airflow/.local/lib/python3.12/site-packages/airflow/operators/python.py", line 252, in execute_callable
    return self.python_callable(*self.op_args, **self.op_kwargs)
           ^^^^^^^^^^^^^^^^^^^^^^^^^^^^^^^^^^^^^^^^^^^^^^^^^^^^^
  File "/opt/airflow/dags/example_python_operator_hook.py", line 49, in call_api
    upload_to_bigquery(df)
  File "/opt/airflow/dags/example_python_operator_hook.py", line 64, in upload_to_bigquery
    job = client.load_table_from_dataframe(df, table_id, job_config=job_config)
          ^^^^^^^^^^^^^^^^^^^^^^^^^^^^^^^^^^^^^^^^^^^^^^^^^^^^^^^^^^^^^^^^^^^^^
  File "/home/airflow/.local/lib/python3.12/site-packages/google/cloud/bigquery/client.py", line 2824, in load_table_from_dataframe
    return self.load_table_from_file(
           ^^^^^^^^^^^^^^^^^^^^^^^^^^
  File "/home/airflow/.local/lib/python3.12/site-packages/google/cloud/bigquery/client.py", line 2588, in load_table_from_file
    raise exceptions.from_http_response(exc.response)
google.api_core.exceptions.Forbidden: 403 POST https://bigquery.googleapis.com/upload/bigquery/v2/projects/pacific-ethos-433305-u0/jobs?uploadType=multipart: Access Denied: Dataset pacific-ethos-433305-u0:The_Weather_Data: Permission bigquery.tables.create denied on dataset pacific-ethos-433305-u0:The_Weather_Data (or it may not exist).
[2024-09-15T16:01:45.566+0000] {taskinstance.py:1206} INFO - Marking task as FAILED. dag_id=example_python_operator_hook, task_id=call_api_task, run_id=manual__2024-09-15T15:58:40.883614+00:00, execution_date=20240915T155840, start_date=20240915T160144, end_date=20240915T160145
[2024-09-15T16:01:45.575+0000] {standard_task_runner.py:110} ERROR - Failed to execute job 142 for task call_api_task (403 POST https://bigquery.googleapis.com/upload/bigquery/v2/projects/pacific-ethos-433305-u0/jobs?uploadType=multipart: Access Denied: Dataset pacific-ethos-433305-u0:The_Weather_Data: Permission bigquery.tables.create denied on dataset pacific-ethos-433305-u0:The_Weather_Data (or it may not exist).; 213)
[2024-09-15T16:01:45.596+0000] {local_task_job_runner.py:240} INFO - Task exited with return code 1
[2024-09-15T16:01:45.606+0000] {taskinstance.py:3498} INFO - 0 downstream tasks scheduled from follow-on schedule check
[2024-09-15T16:01:45.608+0000] {local_task_job_runner.py:222} INFO - ::endgroup::
